<?xml version="1.0" encoding="UTF-8"?>
<!-- Generated by org.testng.reporters.JUnitXMLReporter -->
<testsuite hostname="Anuj" ignored="0" name="Test" tests="6" failures="0" timestamp="2020-01-16T08:58:31 IST" time="0.079" errors="0">
  <testcase name="customerID" time="0.015" classname="qackickacademy.CarLoanTest"/>
  <testcase name="customerInfo" time="0.0" classname="qackickacademy.CarLoanTest"/>
  <testcase name="customerID" time="0.0" classname="qackickacademy.BusinessLoanTest"/>
  <testcase name="customerInfo" time="0.0" classname="qackickacademy.BusinessLoanTest"/>
  <testcase name="customerID" time="0.0" classname="qackickacademy.HomeLoanTest"/>
  <testcase name="customerInfo" time="0.016" classname="qackickacademy.HomeLoanTest"/>
</testsuite> <!-- Test -->
